{"level":"info","message":"Taxi Geofence Service running on port 8000","timestamp":"2025-11-26T13:09:53.891Z"}
{"level":"info","message":"API Documentation available at http://localhost:8000/health","timestamp":"2025-11-26T13:09:53.897Z"}
{"level":"info","message":"Taxi Geofence Service running on port 8000","timestamp":"2025-11-26T13:10:12.938Z"}
{"level":"info","message":"API Documentation available at http://localhost:8000/health","timestamp":"2025-11-26T13:10:12.940Z"}
{"level":"info","message":"Taxi Geofence Service running on port 8000","timestamp":"2025-11-26T13:10:32.365Z"}
{"level":"info","message":"API Documentation available at http://localhost:8000/health","timestamp":"2025-11-26T13:10:32.367Z"}
{"ip":"::ffff:127.0.0.1","level":"info","message":"Incoming request","method":"POST","timestamp":"2025-11-26T13:11:00.881Z","url":"/events/location"}
{"eventId":"9ceedb95-8054-40d4-9805-2afd5ed801b4","fromZone":null,"level":"info","message":"Zone transition detected","timestamp":"2025-11-26T13:11:00.899Z","toZone":"downtown","vehicleId":"test_vehicle_1"}
{"duration":"18ms","level":"info","message":"Request completed","method":"POST","statusCode":200,"timestamp":"2025-11-26T13:11:00.904Z","url":"/events/location"}
{"ip":"::ffff:127.0.0.1","level":"info","message":"Incoming request","method":"GET","timestamp":"2025-11-26T13:11:00.916Z","url":"/vehicles/test_vehicle_1/status"}
{"duration":"1ms","level":"info","message":"Request completed","method":"GET","statusCode":200,"timestamp":"2025-11-26T13:11:00.918Z","url":"/vehicles/test_vehicle_1/status"}
{"ip":"::ffff:127.0.0.1","level":"info","message":"Incoming request","method":"GET","timestamp":"2025-11-26T13:11:00.924Z","url":"/health"}
{"duration":"1ms","level":"info","message":"Request completed","method":"GET","statusCode":200,"timestamp":"2025-11-26T13:11:00.925Z","url":"/health"}
{"level":"info","message":"Taxi Geofence Service running on port 8000","timestamp":"2025-11-26T13:13:48.850Z"}
{"level":"info","message":"API Documentation available at http://localhost:8000/health","timestamp":"2025-11-26T13:13:48.857Z"}
{"ip":"::ffff:127.0.0.1","level":"info","message":"Incoming request","method":"POST","timestamp":"2025-11-26T13:13:48.883Z","url":"/events/location"}
{"eventId":"561be9f6-9f5f-4670-87e4-7a08cfc0e661","fromZone":null,"level":"info","message":"Zone transition detected","timestamp":"2025-11-26T13:13:48.898Z","toZone":"downtown","vehicleId":"test_vehicle_1"}
{"duration":"16ms","level":"info","message":"Request completed","method":"POST","statusCode":200,"timestamp":"2025-11-26T13:13:48.902Z","url":"/events/location"}
{"ip":"::ffff:127.0.0.1","level":"info","message":"Incoming request","method":"GET","timestamp":"2025-11-26T13:13:48.910Z","url":"/vehicles/test_vehicle_1/status"}
{"duration":"1ms","level":"info","message":"Request completed","method":"GET","statusCode":200,"timestamp":"2025-11-26T13:13:48.912Z","url":"/vehicles/test_vehicle_1/status"}
{"ip":"::ffff:127.0.0.1","level":"info","message":"Incoming request","method":"GET","timestamp":"2025-11-26T13:13:48.917Z","url":"/health"}
{"duration":"17ms","level":"info","message":"Request completed","method":"GET","statusCode":200,"timestamp":"2025-11-26T13:13:48.934Z","url":"/health"}
{"level":"info","message":"Taxi Geofence Service running on port 8000","timestamp":"2025-11-26T13:20:23.054Z"}
{"level":"info","message":"API Documentation available at http://localhost:8000/health","timestamp":"2025-11-26T13:20:23.058Z"}
{"level":"info","message":"Taxi Geofence Service running on port 8000","timestamp":"2025-11-26T13:20:47.953Z"}
{"level":"info","message":"API Documentation available at http://localhost:8000/health","timestamp":"2025-11-26T13:20:47.959Z"}
{"ip":"::ffff:127.0.0.1","level":"info","message":"Incoming request","method":"POST","timestamp":"2025-11-26T13:20:47.992Z","url":"/events/location"}
{"eventId":"86177c9f-76c1-4c00-9944-d0c91aaa064e","fromZone":null,"level":"info","message":"Zone transition detected","timestamp":"2025-11-26T13:20:48.008Z","toZone":"downtown","vehicleId":"test_vehicle_1"}
{"duration":"16ms","level":"info","message":"Request completed","method":"POST","statusCode":200,"timestamp":"2025-11-26T13:20:48.012Z","url":"/events/location"}
{"ip":"::ffff:127.0.0.1","level":"info","message":"Incoming request","method":"GET","timestamp":"2025-11-26T13:20:48.026Z","url":"/vehicles/test_vehicle_1/status"}
{"duration":"1ms","level":"info","message":"Request completed","method":"GET","statusCode":200,"timestamp":"2025-11-26T13:20:48.028Z","url":"/vehicles/test_vehicle_1/status"}
{"ip":"::ffff:127.0.0.1","level":"info","message":"Incoming request","method":"GET","timestamp":"2025-11-26T13:20:48.032Z","url":"/health"}
{"duration":"1ms","level":"info","message":"Request completed","method":"GET","statusCode":200,"timestamp":"2025-11-26T13:20:48.034Z","url":"/health"}
{"level":"info","message":"Taxi Geofence Service running on port 8000","timestamp":"2025-11-26T13:21:41.442Z"}
{"level":"info","message":"API Documentation available at http://localhost:8000/health","timestamp":"2025-11-26T13:21:41.449Z"}
{"ip":"::ffff:127.0.0.1","level":"info","message":"Incoming request","method":"POST","timestamp":"2025-11-26T13:21:41.475Z","url":"/events/location"}
{"eventId":"e84d4d6a-ea1f-484f-9c05-7db4dbace017","fromZone":null,"level":"info","message":"Zone transition detected","timestamp":"2025-11-26T13:21:41.489Z","toZone":"downtown","vehicleId":"test_vehicle_1"}
{"duration":"15ms","level":"info","message":"Request completed","method":"POST","statusCode":200,"timestamp":"2025-11-26T13:21:41.493Z","url":"/events/location"}
{"ip":"::ffff:127.0.0.1","level":"info","message":"Incoming request","method":"GET","timestamp":"2025-11-26T13:21:41.515Z","url":"/vehicles/test_vehicle_1/status"}
{"duration":"1ms","level":"info","message":"Request completed","method":"GET","statusCode":200,"timestamp":"2025-11-26T13:21:41.518Z","url":"/vehicles/test_vehicle_1/status"}
{"ip":"::ffff:127.0.0.1","level":"info","message":"Incoming request","method":"GET","timestamp":"2025-11-26T13:21:41.523Z","url":"/health"}
{"duration":"1ms","level":"info","message":"Request completed","method":"GET","statusCode":200,"timestamp":"2025-11-26T13:21:41.524Z","url":"/health"}
{"level":"info","message":"Taxi Geofence Service running on port 8000","timestamp":"2025-11-26T13:23:19.533Z"}
{"level":"info","message":"API Documentation available at http://localhost:8000/health","timestamp":"2025-11-26T13:23:19.535Z"}
{"level":"info","message":"Taxi Geofence Service running on port 8000","timestamp":"2025-11-26T13:23:31.194Z"}
{"level":"info","message":"API Documentation available at http://localhost:8000/health","timestamp":"2025-11-26T13:23:31.198Z"}
{"ip":"::ffff:127.0.0.1","level":"info","message":"Incoming request","method":"POST","timestamp":"2025-11-26T13:23:31.228Z","url":"/events/location"}
{"eventId":"8507a098-44d9-4bed-9a4b-9ee828a992b9","fromZone":null,"level":"info","message":"Zone transition detected","timestamp":"2025-11-26T13:23:31.242Z","toZone":"downtown","vehicleId":"test_vehicle_1"}
{"duration":"15ms","level":"info","message":"Request completed","method":"POST","statusCode":200,"timestamp":"2025-11-26T13:23:31.246Z","url":"/events/location"}
{"ip":"::ffff:127.0.0.1","level":"info","message":"Incoming request","method":"GET","timestamp":"2025-11-26T13:23:31.254Z","url":"/vehicles/test_vehicle_1/status"}
{"duration":"1ms","level":"info","message":"Request completed","method":"GET","statusCode":200,"timestamp":"2025-11-26T13:23:31.256Z","url":"/vehicles/test_vehicle_1/status"}
{"ip":"::ffff:127.0.0.1","level":"info","message":"Incoming request","method":"GET","timestamp":"2025-11-26T13:23:31.261Z","url":"/health"}
{"duration":"1ms","level":"info","message":"Request completed","method":"GET","statusCode":200,"timestamp":"2025-11-26T13:23:31.262Z","url":"/health"}
{"level":"info","message":"Taxi Geofence Service running on port 8000","timestamp":"2025-11-26T13:24:12.400Z"}
{"level":"info","message":"API Documentation available at http://localhost:8000/health","timestamp":"2025-11-26T13:24:12.403Z"}
{"ip":"::1","level":"info","message":"Incoming request","method":"GET","timestamp":"2025-11-26T13:24:27.008Z","url":"/health","userAgent":"curl/8.16.0"}
{"duration":"3ms","level":"info","message":"Request completed","method":"GET","statusCode":200,"timestamp":"2025-11-26T13:24:27.012Z","url":"/health"}
{"ip":"::1","level":"info","message":"Incoming request","method":"POST","timestamp":"2025-11-26T13:24:44.760Z","url":"/events/location","userAgent":"curl/8.16.0"}
{"duration":"2ms","level":"info","message":"Request completed","method":"POST","statusCode":400,"timestamp":"2025-11-26T13:24:44.763Z","url":"/events/location"}
{"level":"info","message":"Taxi Geofence Service running on port 8000","timestamp":"2025-11-26T13:25:49.977Z"}
{"level":"info","message":"API Documentation available at http://localhost:8000/health","timestamp":"2025-11-26T13:25:49.984Z"}
{"ip":"::ffff:127.0.0.1","level":"info","message":"Incoming request","method":"POST","timestamp":"2025-11-26T13:25:50.006Z","url":"/events/location"}
{"eventId":"290e9fe6-d1b8-4451-88f7-5ec197caa931","fromZone":null,"level":"info","message":"Zone transition detected","timestamp":"2025-11-26T13:25:50.022Z","toZone":"downtown","vehicleId":"test_vehicle_1"}
{"duration":"17ms","level":"info","message":"Request completed","method":"POST","statusCode":200,"timestamp":"2025-11-26T13:25:50.026Z","url":"/events/location"}
{"ip":"::ffff:127.0.0.1","level":"info","message":"Incoming request","method":"GET","timestamp":"2025-11-26T13:25:50.036Z","url":"/vehicles/test_vehicle_1/status"}
{"duration":"1ms","level":"info","message":"Request completed","method":"GET","statusCode":200,"timestamp":"2025-11-26T13:25:50.039Z","url":"/vehicles/test_vehicle_1/status"}
{"ip":"::ffff:127.0.0.1","level":"info","message":"Incoming request","method":"GET","timestamp":"2025-11-26T13:25:50.044Z","url":"/health"}
{"duration":"1ms","level":"info","message":"Request completed","method":"GET","statusCode":200,"timestamp":"2025-11-26T13:25:50.045Z","url":"/health"}
{"level":"info","message":"Taxi Geofence Service running on port 8000","timestamp":"2025-11-26T13:28:53.596Z"}
{"level":"info","message":"API Documentation available at http://localhost:8000/health","timestamp":"2025-11-26T13:28:53.598Z"}
{"level":"info","message":"Taxi Geofence Service running on port 8000","timestamp":"2025-11-26T13:29:04.797Z"}
{"level":"info","message":"API Documentation available at http://localhost:8000/health","timestamp":"2025-11-26T13:29:04.808Z"}
{"ip":"::ffff:127.0.0.1","level":"info","message":"Incoming request","method":"POST","timestamp":"2025-11-26T13:29:04.834Z","url":"/events/location"}
{"eventId":"dbba2ba8-5ddf-49c2-b001-94d22693c087","fromZone":null,"level":"info","message":"Zone transition detected","timestamp":"2025-11-26T13:29:04.847Z","toZone":"downtown","vehicleId":"test_vehicle_1"}
{"duration":"14ms","level":"info","message":"Request completed","method":"POST","statusCode":200,"timestamp":"2025-11-26T13:29:04.850Z","url":"/events/location"}
{"ip":"::ffff:127.0.0.1","level":"info","message":"Incoming request","method":"GET","timestamp":"2025-11-26T13:29:04.859Z","url":"/vehicles/test_vehicle_1/status"}
{"duration":"1ms","level":"info","message":"Request completed","method":"GET","statusCode":200,"timestamp":"2025-11-26T13:29:04.861Z","url":"/vehicles/test_vehicle_1/status"}
{"ip":"::ffff:127.0.0.1","level":"info","message":"Incoming request","method":"GET","timestamp":"2025-11-26T13:29:04.869Z","url":"/health"}
{"duration":"1ms","level":"info","message":"Request completed","method":"GET","statusCode":200,"timestamp":"2025-11-26T13:29:04.872Z","url":"/health"}
{"level":"info","message":"Taxi Geofence Service running on port 8000","timestamp":"2025-11-26T13:30:27.870Z"}
{"level":"info","message":"API Documentation available at http://localhost:8000/health","timestamp":"2025-11-26T13:30:27.873Z"}
{"ip":"::1","level":"info","message":"Incoming request","method":"GET","timestamp":"2025-11-26T13:30:32.822Z","url":"/health","userAgent":"curl/8.16.0"}
{"duration":"6ms","level":"info","message":"Request completed","method":"GET","statusCode":200,"timestamp":"2025-11-26T13:30:32.829Z","url":"/health"}
{"ip":"::1","level":"info","message":"Incoming request","method":"POST","timestamp":"2025-11-26T13:30:57.188Z","url":"/events/location","userAgent":"curl/8.16.0"}
{"duration":"12ms","level":"info","message":"Request completed","method":"POST","statusCode":400,"timestamp":"2025-11-26T13:30:57.201Z","url":"/events/location"}
{"ip":"::1","level":"info","message":"Incoming request","method":"POST","timestamp":"2025-11-26T13:32:36.589Z","url":"/events/location","userAgent":"curl/8.16.0"}
{"eventId":"40ff6110-8d77-4133-8cd4-46c449ac7666","fromZone":null,"level":"info","message":"Zone transition detected","timestamp":"2025-11-26T13:32:36.604Z","toZone":"downtown","vehicleId":"real_taxi_001"}
{"duration":"16ms","level":"info","message":"Request completed","method":"POST","statusCode":200,"timestamp":"2025-11-26T13:32:36.605Z","url":"/events/location"}
{"ip":"::1","level":"info","message":"Incoming request","method":"GET","timestamp":"2025-11-26T13:32:53.885Z","url":"/vehicles/real_taxi_001/status","userAgent":"curl/8.16.0"}
{"duration":"3ms","level":"info","message":"Request completed","method":"GET","statusCode":200,"timestamp":"2025-11-26T13:32:53.888Z","url":"/vehicles/real_taxi_001/status"}
{"ip":"::1","level":"info","message":"Incoming request","method":"GET","timestamp":"2025-11-26T13:33:03.049Z","url":"/health","userAgent":"curl/8.16.0"}
{"duration":"2ms","level":"info","message":"Request completed","method":"GET","statusCode":200,"timestamp":"2025-11-26T13:33:03.053Z","url":"/health"}
{"ip":"::1","level":"info","message":"Incoming request","method":"POST","timestamp":"2025-11-26T13:33:07.113Z","url":"/events/location","userAgent":"curl/8.16.0"}
{"duration":"2ms","level":"info","message":"Request completed","method":"POST","statusCode":200,"timestamp":"2025-11-26T13:33:07.116Z","url":"/events/location"}
{"ip":"::1","level":"info","message":"Incoming request","method":"GET","timestamp":"2025-11-26T13:33:10.954Z","url":"/vehicles/real_taxi_001/status","userAgent":"curl/8.16.0"}
{"duration":"1ms","level":"info","message":"Request completed","method":"GET","statusCode":200,"timestamp":"2025-11-26T13:33:10.956Z","url":"/vehicles/real_taxi_001/status"}
{"ip":"::1","level":"info","message":"Incoming request","method":"POST","timestamp":"2025-11-26T13:34:17.716Z","url":"/events/location","userAgent":"curl/8.16.0"}
{"eventId":"eb55fd6c-5bc6-4ad3-8334-4a32ed70087b","fromZone":"downtown","level":"info","message":"Zone transition detected","timestamp":"2025-11-26T13:34:17.717Z","toZone":"airport","vehicleId":"real_taxi_001"}
{"duration":"3ms","level":"info","message":"Request completed","method":"POST","statusCode":200,"timestamp":"2025-11-26T13:34:17.719Z","url":"/events/location"}
{"ip":"::1","level":"info","message":"Incoming request","method":"GET","timestamp":"2025-11-26T13:34:49.194Z","url":"/vehicles/real_taxi_001/status","userAgent":"curl/8.16.0"}
{"duration":"2ms","level":"info","message":"Request completed","method":"GET","statusCode":200,"timestamp":"2025-11-26T13:34:49.196Z","url":"/vehicles/real_taxi_001/status"}
{"ip":"::1","level":"info","message":"Incoming request","method":"POST","timestamp":"2025-11-26T13:35:13.036Z","url":"/events/location","userAgent":"curl/8.16.0"}
{"eventId":"927890e2-9569-408b-920e-f91460b6730f","fromZone":"airport","level":"info","message":"Zone transition detected","timestamp":"2025-11-26T13:35:13.037Z","toZone":null,"vehicleId":"real_taxi_001"}
{"duration":"3ms","level":"info","message":"Request completed","method":"POST","statusCode":200,"timestamp":"2025-11-26T13:35:13.039Z","url":"/events/location"}
{"ip":"::1","level":"info","message":"Incoming request","method":"GET","timestamp":"2025-11-26T13:35:31.382Z","url":"/vehicles/real_taxi_001/status","userAgent":"curl/8.16.0"}
{"duration":"2ms","level":"info","message":"Request completed","method":"GET","statusCode":200,"timestamp":"2025-11-26T13:35:31.384Z","url":"/vehicles/real_taxi_001/status"}
{"ip":"::1","level":"info","message":"Incoming request","method":"GET","timestamp":"2025-11-26T13:35:34.216Z","url":"/vehicles/real_taxi_001/transitions","userAgent":"curl/8.16.0"}
{"duration":"2ms","level":"info","message":"Request completed","method":"GET","statusCode":200,"timestamp":"2025-11-26T13:35:34.219Z","url":"/vehicles/real_taxi_001/transitions"}
{"ip":"::1","level":"info","message":"Incoming request","method":"GET","timestamp":"2025-11-26T13:35:45.656Z","url":"/zones","userAgent":"curl/8.16.0"}
{"duration":"2ms","level":"info","message":"Request completed","method":"GET","statusCode":200,"timestamp":"2025-11-26T13:35:45.658Z","url":"/zones"}
{"ip":"::1","level":"info","message":"Incoming request","method":"POST","timestamp":"2025-11-26T13:36:09.617Z","url":"/zones","userAgent":"curl/8.16.0"}
{"level":"info","message":"New zone created","timestamp":"2025-11-26T13:36:09.622Z","zoneId":"uptown"}
{"duration":"5ms","level":"info","message":"Request completed","method":"POST","statusCode":201,"timestamp":"2025-11-26T13:36:09.623Z","url":"/zones"}
{"level":"info","message":"Taxi Geofence Service running on port 8000","timestamp":"2025-11-27T14:05:05.507Z"}
{"level":"info","message":"API Documentation available at http://localhost:8000/health","timestamp":"2025-11-27T14:05:05.509Z"}
{"level":"info","message":"Taxi Geofence Service running on port 8000","timestamp":"2025-11-27T14:05:19.326Z"}
{"level":"info","message":"API Documentation available at http://localhost:8000/health","timestamp":"2025-11-27T14:05:19.331Z"}
{"ip":"::ffff:127.0.0.1","level":"info","message":"Incoming request","method":"POST","timestamp":"2025-11-27T14:05:19.367Z","url":"/events/location"}
{"eventId":"2831c882-5bca-4264-8dd5-db37d6c6b228","fromZone":null,"level":"info","message":"Zone transition detected","timestamp":"2025-11-27T14:05:19.385Z","toZone":"downtown","vehicleId":"test_vehicle_1"}
{"duration":"18ms","level":"info","message":"Request completed","method":"POST","statusCode":200,"timestamp":"2025-11-27T14:05:19.388Z","url":"/events/location"}
{"ip":"::ffff:127.0.0.1","level":"info","message":"Incoming request","method":"GET","timestamp":"2025-11-27T14:05:19.397Z","url":"/vehicles/test_vehicle_1/status"}
{"duration":"1ms","level":"info","message":"Request completed","method":"GET","statusCode":200,"timestamp":"2025-11-27T14:05:19.399Z","url":"/vehicles/test_vehicle_1/status"}
{"ip":"::ffff:127.0.0.1","level":"info","message":"Incoming request","method":"GET","timestamp":"2025-11-27T14:05:19.404Z","url":"/health"}
{"duration":"1ms","level":"info","message":"Request completed","method":"GET","statusCode":200,"timestamp":"2025-11-27T14:05:19.405Z","url":"/health"}
